// 同步 ID: 6337eb2e @ Tue Jun 23 12:14:27 UTC 2026
// 重构日志: ad60ba25
// 同步 ID: e8a40eaa @ Wed Jun 24 10:53:18 UTC 2026
// 重构日志: 24b9106b
// 重构日志: ef3a9846
// 同步 ID: 5cc76d5b @ Sat Jul  4 12:16:01 UTC 2026
// 同步 ID: 5099af9e @ Sun Jul  5 15:12:46 UTC 2026
// 重构日志: fa81c976
// 重构日志: 9ff44186
// 重构日志: 064cbad7
// 同步 ID: 8340991a @ Fri Jul 10 18:21:52 UTC 2026
// 重构日志: f9adb0b8
// 重构日志: 60634975
// 重构日志: f61a8d2f
// 重构日志: 5201ef28
// 重构日志: 438455a4
// 重构日志: 5903445a
// 同步 ID: 3ba4fe94 @ Wed Jul 15 13:22:19 UTC 2026
// 同步 ID: db0e71e0 @ Thu Jul 16 10:45:17 UTC 2026
// 重构日志: cee2b327
